============================= test session starts ==============================
platform linux -- Python 3.12.3, pytest-7.4.3, pluggy-1.6.0 -- /root/projects/Samokoder/venv/bin/python
cachedir: .pytest_cache
rootdir: /root/projects/Samokoder
configfile: pytest.ini
plugins: asyncio-0.21.1, cov-4.1.0, anyio-3.7.1
asyncio: mode=Mode.STRICT
collecting ... collected 390 items / 98 deselected / 292 selected

projects/Samokoder/tests/test_ai_service.py::TestAIRequest::test_ai_request_creation PASSED [  0%]
projects/Samokoder/tests/test_ai_service.py::TestAIResponse::test_ai_response_creation PASSED [  0%]
projects/Samokoder/tests/test_ai_service.py::TestAIResponse::test_ai_response_error PASSED [  1%]
projects/Samokoder/tests/test_ai_service.py::TestOpenRouterClient::test_chat_completion_success PASSED [  1%]
projects/Samokoder/tests/test_ai_service.py::TestOpenRouterClient::test_chat_completion_error PASSED [  1%]
projects/Samokoder/tests/test_ai_service.py::TestOpenRouterClient::test_validate_api_key_success PASSED [  2%]
projects/Samokoder/tests/test_ai_service.py::TestOpenRouterClient::test_validate_api_key_error PASSED [  2%]
projects/Samokoder/tests/test_ai_service.py::TestOpenRouterClient::test_calculate_cost PASSED [  2%]
projects/Samokoder/tests/test_ai_service.py::TestOpenAIClient::test_chat_completion_success PASSED [  3%]
projects/Samokoder/tests/test_ai_service.py::TestOpenAIClient::test_calculate_cost PASSED [  3%]
projects/Samokoder/tests/test_ai_service.py::TestAnthropicClient::test_chat_completion_success PASSED [  3%]
projects/Samokoder/tests/test_ai_service.py::TestAnthropicClient::test_calculate_cost PASSED [  4%]
projects/Samokoder/tests/test_ai_service.py::TestGroqClient::test_chat_completion_success PASSED [  4%]
projects/Samokoder/tests/test_ai_service.py::TestAIService::test_initialization PASSED [  4%]
projects/Samokoder/tests/test_ai_service.py::TestAIService::test_select_best_provider PASSED [  5%]
projects/Samokoder/tests/test_ai_service.py::TestAIService::test_get_default_model_for_provider PASSED [  5%]
projects/Samokoder/tests/test_ai_service.py::TestAIService::test_route_request_success PASSED [  5%]
projects/Samokoder/tests/test_ai_service.py::TestAIService::test_route_request_no_providers PASSED [  6%]
projects/Samokoder/tests/test_ai_service.py::TestAIService::test_fallback_request PASSED [  6%]
projects/Samokoder/tests/test_ai_service.py::TestAIService::test_validate_all_keys PASSED [  6%]
projects/Samokoder/tests/test_ai_service.py::TestAIService::test_get_usage_stats PASSED [  7%]
projects/Samokoder/tests/test_encryption.py::TestAPIKeyEncryption::test_encrypt_decrypt_cycle PASSED [  7%]
projects/Samokoder/tests/test_encryption.py::TestAPIKeyEncryption::test_encrypt_different_keys PASSED [  7%]
projects/Samokoder/tests/test_encryption.py::TestAPIKeyEncryption::test_encrypt_same_key_multiple_times PASSED [  8%]
projects/Samokoder/tests/test_encryption.py::TestAPIKeyEncryption::test_decrypt_invalid_key PASSED [  8%]
projects/Samokoder/tests/test_encryption.py::TestAPIKeyEncryption::test_encrypt_empty_key FAILED [  8%]
projects/Samokoder/tests/test_encryption.py::TestAPIKeyEncryption::test_get_last_4_chars PASSED [  9%]
projects/Samokoder/tests/test_encryption.py::TestAPIKeyEncryption::test_mask_api_key PASSED [  9%]
projects/Samokoder/tests/test_encryption.py::TestAPIKeyEncryption::test_mask_short_key PASSED [  9%]
projects/Samokoder/tests/test_encryption.py::TestAPIKeyEncryption::test_validate_api_key_format_openai PASSED [ 10%]
projects/Samokoder/tests/test_encryption.py::TestAPIKeyEncryption::test_validate_api_key_format_anthropic PASSED [ 10%]
projects/Samokoder/tests/test_encryption.py::TestAPIKeyEncryption::test_validate_api_key_format_openrouter PASSED [ 10%]
projects/Samokoder/tests/test_encryption.py::TestAPIKeyEncryption::test_validate_api_key_format_groq PASSED [ 11%]
projects/Samokoder/tests/test_encryption.py::TestAPIKeyEncryption::test_validate_api_key_format_unknown_provider PASSED [ 11%]
projects/Samokoder/tests/test_encryption.py::TestAPIKeyEncryption::test_validate_empty_key PASSED [ 11%]
projects/Samokoder/tests/test_encryption.py::TestAPIKeyEncryption::test_validate_whitespace_key PASSED [ 12%]
projects/Samokoder/tests/test_integration_circuit_breaker.py::TestCircuitBreakerIntegration::test_circuit_breaker_success PASSED [ 12%]
projects/Samokoder/tests/test_integration_circuit_breaker.py::TestCircuitBreakerIntegration::test_circuit_breaker_failure_threshold PASSED [ 13%]
projects/Samokoder/tests/test_integration_circuit_breaker.py::TestCircuitBreakerIntegration::test_circuit_breaker_open_state PASSED [ 13%]
projects/Samokoder/tests/test_integration_circuit_breaker.py::TestCircuitBreakerIntegration::test_circuit_breaker_half_open_recovery PASSED [ 13%]
projects/Samokoder/tests/test_integration_circuit_breaker.py::TestCircuitBreakerIntegration::test_circuit_breaker_timeout PASSED [ 14%]
projects/Samokoder/tests/test_integration_circuit_breaker.py::TestCircuitBreakerIntegration::test_circuit_breaker_thread_safety PASSED [ 14%]
projects/Samokoder/tests/test_integration_circuit_breaker.py::TestCircuitBreakerIntegration::test_circuit_breaker_state_transitions FAILED [ 14%]
projects/Samokoder/tests/test_integration_circuit_breaker.py::TestCircuitBreakerIntegration::test_circuit_breaker_metrics FAILED [ 15%]
projects/Samokoder/tests/test_integration_circuit_breaker.py::TestCircuitBreakerIntegration::test_circuit_breaker_custom_exceptions FAILED [ 15%]
projects/Samokoder/tests/test_integration_di_container.py::TestDIContainerIntegration::test_container_registration PASSED [ 15%]
projects/Samokoder/tests/test_integration_di_container.py::TestDIContainerIntegration::test_container_factory_registration PASSED [ 16%]
projects/Samokoder/tests/test_integration_di_container.py::TestDIContainerIntegration::test_container_instance_registration PASSED [ 16%]
projects/Samokoder/tests/test_integration_di_container.py::TestDIContainerIntegration::test_sync_service_retrieval PASSED [ 16%]
projects/Samokoder/tests/test_integration_di_container.py::TestDIContainerIntegration::test_async_service_retrieval PASSED [ 17%]
projects/Samokoder/tests/test_integration_di_container.py::TestDIContainerIntegration::test_singleton_behavior PASSED [ 17%]
projects/Samokoder/tests/test_integration_di_container.py::TestDIContainerIntegration::test_transient_behavior PASSED [ 17%]
projects/Samokoder/tests/test_integration_di_container.py::TestDIContainerIntegration::test_thread_safety PASSED [ 18%]
projects/Samokoder/tests/test_integration_di_container.py::TestDIContainerIntegration::test_global_container_functions PASSED [ 18%]
projects/Samokoder/tests/test_integration_di_container.py::TestDIContainerIntegration::test_global_container_async_functions PASSED [ 18%]
projects/Samokoder/tests/test_integration_di_container.py::TestDIContainerIntegration::test_error_handling PASSED [ 19%]
projects/Samokoder/tests/test_integration_di_container.py::TestDIContainerIntegration::test_optional_service_retrieval PASSED [ 19%]
projects/Samokoder/tests/test_integration_migration_manager.py::TestMigrationManagerIntegration::test_migration_manager_initialization PASSED [ 19%]
projects/Samokoder/tests/test_integration_migration_manager.py::TestMigrationManagerIntegration::test_migration_manager_initialization_with_env PASSED [ 20%]
projects/Samokoder/tests/test_integration_migration_manager.py::TestMigrationManagerIntegration::test_migration_manager_initialization_with_settings FAILED [ 20%]
projects/Samokoder/tests/test_integration_migration_manager.py::TestMigrationManagerIntegration::test_migration_upgrade_success FAILED [ 20%]
projects/Samokoder/tests/test_integration_migration_manager.py::TestMigrationManagerIntegration::test_migration_upgrade_failure FAILED [ 21%]
projects/Samokoder/tests/test_integration_migration_manager.py::TestMigrationManagerIntegration::test_migration_downgrade_success FAILED [ 21%]
projects/Samokoder/tests/test_integration_migration_manager.py::TestMigrationManagerIntegration::test_migration_downgrade_failure FAILED [ 21%]
projects/Samokoder/tests/test_integration_migration_manager.py::TestMigrationManagerIntegration::test_current_revision_success FAILED [ 22%]
projects/Samokoder/tests/test_integration_migration_manager.py::TestMigrationManagerIntegration::test_current_revision_failure FAILED [ 22%]
projects/Samokoder/tests/test_integration_migration_manager.py::TestMigrationManagerIntegration::test_create_migration_success FAILED [ 22%]
projects/Samokoder/tests/test_integration_migration_manager.py::TestMigrationManagerIntegration::test_create_migration_failure FAILED [ 23%]
projects/Samokoder/tests/test_integration_migration_manager.py::TestMigrationManagerIntegration::test_migration_history_success FAILED [ 23%]
projects/Samokoder/tests/test_integration_migration_manager.py::TestMigrationManagerIntegration::test_migration_history_failure FAILED [ 23%]
projects/Samokoder/tests/test_integration_migration_manager.py::TestMigrationManagerIntegration::test_migration_status_check FAILED [ 24%]
projects/Samokoder/tests/test_integration_migration_manager.py::TestMigrationManagerIntegration::test_migration_exception_handling PASSED [ 24%]
projects/Samokoder/tests/test_integration_migration_manager.py::TestMigrationManagerIntegration::test_migration_environment_variables FAILED [ 25%]
projects/Samokoder/tests/test_integration_repositories.py::TestUserRepositoryIntegration::test_find_by_id_success PASSED [ 25%]
projects/Samokoder/tests/test_integration_repositories.py::TestUserRepositoryIntegration::test_find_by_id_not_found PASSED [ 25%]
projects/Samokoder/tests/test_integration_repositories.py::TestUserRepositoryIntegration::test_find_by_email_success PASSED [ 26%]
projects/Samokoder/tests/test_integration_repositories.py::TestUserRepositoryIntegration::test_save_user_success PASSED [ 26%]
projects/Samokoder/tests/test_integration_repositories.py::TestUserRepositoryIntegration::test_update_user_success PASSED [ 26%]
projects/Samokoder/tests/test_integration_repositories.py::TestUserRepositoryIntegration::test_delete_user_success PASSED [ 27%]
projects/Samokoder/tests/test_integration_repositories.py::TestUserRepositoryIntegration::test_find_active_users_success PASSED [ 27%]
projects/Samokoder/tests/test_integration_repositories.py::TestUserRepositoryIntegration::test_repository_error_handling PASSED [ 27%]
projects/Samokoder/tests/test_integration_repositories.py::TestProjectRepositoryIntegration::test_find_by_user_id_success PASSED [ 28%]
projects/Samokoder/tests/test_integration_repositories.py::TestProjectRepositoryIntegration::test_save_project_success PASSED [ 28%]
projects/Samokoder/tests/test_integration_repositories.py::TestProjectRepositoryIntegration::test_search_projects_success FAILED [ 28%]
projects/Samokoder/tests/test_integration_repositories.py::TestChatRepositoryIntegration::test_find_session_by_id_success PASSED [ 29%]
projects/Samokoder/tests/test_integration_repositories.py::TestChatRepositoryIntegration::test_save_session_success PASSED [ 29%]
projects/Samokoder/tests/test_integration_repositories.py::TestChatRepositoryIntegration::test_find_messages_by_session_success PASSED [ 29%]
projects/Samokoder/tests/test_integration_repositories.py::TestChatRepositoryIntegration::test_save_message_success PASSED [ 30%]
projects/Samokoder/tests/test_integration_repositories.py::TestChatRepositoryIntegration::test_count_messages_by_session_success PASSED [ 30%]
projects/Samokoder/tests/test_integration_security.py::TestSecretsManagerIntegration::test_environment_provider_success FAILED [ 30%]
projects/Samokoder/tests/test_integration_security.py::TestSecretsManagerIntegration::test_file_provider_success PASSED [ 31%]
projects/Samokoder/tests/test_integration_security.py::TestSecretsManagerIntegration::test_secrets_manager_with_environment_provider ERROR [ 31%]
projects/Samokoder/tests/test_integration_security.py::TestSecretsManagerIntegration::test_secrets_manager_caching ERROR [ 31%]
projects/Samokoder/tests/test_integration_security.py::TestSecretsManagerIntegration::test_secrets_manager_fallback ERROR [ 32%]
projects/Samokoder/tests/test_integration_security.py::TestSecretsManagerIntegration::test_secrets_manager_audit_logging ERROR [ 32%]
projects/Samokoder/tests/test_integration_security.py::TestKeyRotationManagerIntegration::test_generate_secure_key_encryption PASSED [ 32%]
projects/Samokoder/tests/test_integration_security.py::TestKeyRotationManagerIntegration::test_generate_secure_key_api PASSED [ 33%]
projects/Samokoder/tests/test_integration_security.py::TestKeyRotationManagerIntegration::test_check_rotation_needed_no_history PASSED [ 33%]
projects/Samokoder/tests/test_integration_security.py::TestKeyRotationManagerIntegration::test_check_rotation_needed_with_history PASSED [ 33%]
projects/Samokoder/tests/test_integration_security.py::TestKeyRotationManagerIntegration::test_check_rotation_needed_expired FAILED [ 34%]
projects/Samokoder/tests/test_integration_security.py::TestKeyRotationManagerIntegration::test_rotate_key_success FAILED [ 34%]
projects/Samokoder/tests/test_integration_security.py::TestKeyRotationManagerIntegration::test_rotate_key_failure FAILED [ 34%]
projects/Samokoder/tests/test_integration_security.py::TestKeyRotationManagerIntegration::test_rotate_all_keys_success FAILED [ 35%]
projects/Samokoder/tests/test_integration_security.py::TestKeyRotationManagerIntegration::test_rotate_all_keys_partial_failure FAILED [ 35%]
projects/Samokoder/tests/test_integration_security.py::TestKeyRotationManagerIntegration::test_get_rotation_status FAILED [ 35%]
projects/Samokoder/tests/test_integration_security.py::TestKeyRotationManagerIntegration::test_schedule_rotation_success FAILED [ 36%]
projects/Samokoder/tests/test_integration_security.py::TestKeyRotationManagerIntegration::test_schedule_rotation_failure FAILED [ 36%]
projects/Samokoder/tests/test_models.py::TestLoginRequest::test_valid_login_request PASSED [ 36%]
projects/Samokoder/tests/test_models.py::TestLoginRequest::test_invalid_email PASSED [ 37%]
projects/Samokoder/tests/test_models.py::TestLoginRequest::test_password_too_short PASSED [ 37%]
projects/Samokoder/tests/test_models.py::TestLoginRequest::test_password_missing_uppercase PASSED [ 38%]
projects/Samokoder/tests/test_models.py::TestLoginRequest::test_password_missing_lowercase PASSED [ 38%]
projects/Samokoder/tests/test_models.py::TestLoginRequest::test_password_missing_digit PASSED [ 38%]
projects/Samokoder/tests/test_models.py::TestProjectCreateRequest::test_valid_project_request PASSED [ 39%]
projects/Samokoder/tests/test_models.py::TestProjectCreateRequest::test_empty_name PASSED [ 39%]
projects/Samokoder/tests/test_models.py::TestProjectCreateRequest::test_whitespace_only_name PASSED [ 39%]
projects/Samokoder/tests/test_models.py::TestProjectCreateRequest::test_description_too_short PASSED [ 40%]
projects/Samokoder/tests/test_models.py::TestProjectCreateRequest::test_name_too_long PASSED [ 40%]
projects/Samokoder/tests/test_models.py::TestChatRequest::test_valid_chat_request PASSED [ 40%]
projects/Samokoder/tests/test_models.py::TestChatRequest::test_empty_message FAILED [ 41%]
projects/Samokoder/tests/test_models.py::TestChatRequest::test_message_too_long PASSED [ 41%]
projects/Samokoder/tests/test_models.py::TestChatRequest::test_invalid_temperature FAILED [ 41%]
projects/Samokoder/tests/test_models.py::TestChatRequest::test_negative_temperature FAILED [ 42%]
projects/Samokoder/tests/test_models.py::TestAPIKeyCreateRequest::test_valid_openai_key PASSED [ 42%]
projects/Samokoder/tests/test_models.py::TestAPIKeyCreateRequest::test_valid_anthropic_key PASSED [ 42%]
projects/Samokoder/tests/test_models.py::TestAPIKeyCreateRequest::test_invalid_openai_key_format PASSED [ 43%]
projects/Samokoder/tests/test_models.py::TestAPIKeyCreateRequest::test_invalid_anthropic_key_format PASSED [ 43%]
projects/Samokoder/tests/test_models.py::TestAPIKeyCreateRequest::test_key_too_short PASSED [ 43%]
projects/Samokoder/tests/test_models.py::TestUserSettingsUpdateRequest::test_valid_settings_update PASSED [ 44%]
projects/Samokoder/tests/test_models.py::TestUserSettingsUpdateRequest::test_invalid_theme FAILED [ 44%]
projects/Samokoder/tests/test_models.py::TestUserSettingsUpdateRequest::test_all_optional_fields PASSED [ 44%]
projects/Samokoder/tests/test_models.py::TestResponseModels::test_user_response PASSED [ 45%]
projects/Samokoder/tests/test_models.py::TestResponseModels::test_project_response PASSED [ 45%]
projects/Samokoder/tests/test_models.py::TestResponseModels::test_ai_response PASSED [ 45%]
projects/Samokoder/tests/test_models.py::TestResponseModels::test_error_response PASSED [ 46%]
projects/Samokoder/tests/test_rate_limiter.py::TestRateLimiter::test_memory_rate_limit_allowed PASSED [ 46%]
projects/Samokoder/tests/test_rate_limiter.py::TestRateLimiter::test_memory_rate_limit_exceeded_minute PASSED [ 46%]
projects/Samokoder/tests/test_rate_limiter.py::TestRateLimiter::test_memory_rate_limit_exceeded_hour PASSED [ 47%]
projects/Samokoder/tests/test_rate_limiter.py::TestRateLimiter::test_different_users_separate_limits FAILED [ 47%]
projects/Samokoder/tests/test_rate_limiter.py::TestRateLimiter::test_different_endpoints_separate_limits FAILED [ 47%]
projects/Samokoder/tests/test_rate_limiter.py::TestRateLimiter::test_reset_rate_limit FAILED [ 48%]
projects/Samokoder/tests/test_rate_limiter.py::TestRateLimiter::test_get_rate_limit_info FAILED [ 48%]
projects/Samokoder/tests/test_rate_limiter.py::TestRateLimiter::test_get_rate_limit_info_nonexistent PASSED [ 48%]
projects/Samokoder/tests/test_rate_limiter.py::TestRateLimiter::test_cleanup_expired_entries FAILED [ 49%]
projects/Samokoder/tests/test_rate_limiter.py::TestRateLimitInfo::test_rate_limit_info_creation PASSED [ 49%]
projects/Samokoder/tests/test_rate_limiter.py::TestRedisRateLimiter::test_redis_rate_limit_success FAILED [ 50%]
projects/Samokoder/tests/test_rate_limiter.py::TestRedisRateLimiter::test_redis_rate_limit_exceeded FAILED [ 50%]
projects/Samokoder/tests/test_rate_limiter.py::TestRedisRateLimiter::test_redis_connection_error_fallback PASSED [ 50%]
projects/Samokoder/tests/test_security_asvs_v10_configuration.py::TestConfigurationSecurity::test_default_security_config PASSED [ 51%]
projects/Samokoder/tests/test_security_asvs_v10_configuration.py::TestConfigurationSecurity::test_config_loading PASSED [ 51%]
projects/Samokoder/tests/test_security_asvs_v10_configuration.py::TestConfigurationSecurity::test_config_merging PASSED [ 51%]
projects/Samokoder/tests/test_security_asvs_v10_configuration.py::TestConfigurationSecurity::test_config_validation_success PASSED [ 52%]
projects/Samokoder/tests/test_security_asvs_v10_configuration.py::TestConfigurationSecurity::test_config_validation_failure PASSED [ 52%]
projects/Samokoder/tests/test_security_asvs_v10_configuration.py::TestConfigurationSecurity::test_security_headers PASSED [ 52%]
projects/Samokoder/tests/test_security_asvs_v10_configuration.py::TestConfigurationSecurity::test_cors_config PASSED [ 53%]
projects/Samokoder/tests/test_security_asvs_v10_configuration.py::TestConfigurationSecurity::test_password_policy PASSED [ 53%]
projects/Samokoder/tests/test_security_asvs_v10_configuration.py::TestConfigurationSecurity::test_session_config PASSED [ 53%]
projects/Samokoder/tests/test_security_asvs_v10_configuration.py::TestConfigurationSecurity::test_rate_limiting_config PASSED [ 54%]
projects/Samokoder/tests/test_security_asvs_v10_configuration.py::TestConfigurationSecurity::test_encryption_config PASSED [ 54%]
projects/Samokoder/tests/test_security_asvs_v10_configuration.py::TestConfigurationSecurity::test_logging_config PASSED [ 54%]
projects/Samokoder/tests/test_security_asvs_v10_configuration.py::TestConfigurationSecurity::test_config_update_success PASSED [ 55%]
projects/Samokoder/tests/test_security_asvs_v10_configuration.py::TestConfigurationSecurity::test_config_update_validation_failure PASSED [ 55%]
projects/Samokoder/tests/test_security_asvs_v10_configuration.py::TestConfigurationSecurity::test_environment_security_check PASSED [ 55%]
projects/Samokoder/tests/test_security_asvs_v10_configuration.py::TestConfigurationSecurity::test_environment_security_issues FAILED [ 56%]
projects/Samokoder/tests/test_security_asvs_v10_configuration.py::TestConfigurationSecurity::test_security_report_generation PASSED [ 56%]
projects/Samokoder/tests/test_security_asvs_v10_configuration.py::TestConfigurationSecurity::test_security_score_calculation PASSED [ 56%]
projects/Samokoder/tests/test_security_asvs_v10_configuration.py::TestConfigurationSecurity::test_config_backup FAILED [ 57%]
projects/Samokoder/tests/test_security_asvs_v10_configuration.py::TestConfigurationSecurity::test_config_restore PASSED [ 57%]
projects/Samokoder/tests/test_security_asvs_v10_configuration.py::TestConfigurationSecurity::test_config_restore_file_not_found PASSED [ 57%]
projects/Samokoder/tests/test_security_asvs_v10_configuration.py::TestConfigurationSecurity::test_comprehensive_configuration_flow FAILED [ 58%]
projects/Samokoder/tests/test_security_asvs_v12_api_security.py::TestAPISecurity::test_api_endpoint_validation PASSED [ 58%]
projects/Samokoder/tests/test_security_asvs_v12_api_security.py::TestAPISecurity::test_request_headers_validation PASSED [ 58%]
projects/Samokoder/tests/test_security_asvs_v12_api_security.py::TestAPISecurity::test_request_body_validation PASSED [ 59%]
projects/Samokoder/tests/test_security_asvs_v12_api_security.py::TestAPISecurity::test_query_parameters_validation PASSED [ 59%]
projects/Samokoder/tests/test_security_asvs_v12_api_security.py::TestAPISecurity::test_rate_limiting PASSED [ 59%]
projects/Samokoder/tests/test_security_asvs_v12_api_security.py::TestAPISecurity::test_brute_force_detection PASSED [ 60%]
projects/Samokoder/tests/test_security_asvs_v12_api_security.py::TestAPISecurity::test_api_key_validation PASSED [ 60%]
projects/Samokoder/tests/test_security_asvs_v12_api_security.py::TestAPISecurity::test_api_response_sanitization FAILED [ 60%]
projects/Samokoder/tests/test_security_asvs_v12_api_security.py::TestAPISecurity::test_cors_origin_validation FAILED [ 61%]
projects/Samokoder/tests/test_security_asvs_v12_api_security.py::TestAPISecurity::test_sql_injection_detection FAILED [ 61%]
projects/Samokoder/tests/test_security_asvs_v12_api_security.py::TestAPISecurity::test_xss_attack_detection PASSED [ 61%]
projects/Samokoder/tests/test_security_asvs_v12_api_security.py::TestAPISecurity::test_file_upload_validation PASSED [ 62%]
projects/Samokoder/tests/test_security_asvs_v12_api_security.py::TestAPISecurity::test_ip_blocking PASSED [ 62%]
projects/Samokoder/tests/test_security_asvs_v12_api_security.py::TestAPISecurity::test_comprehensive_api_security_flow PASSED [ 63%]
projects/Samokoder/tests/test_security_asvs_v2_auth.py::TestAuthenticationSecurity::test_password_strength_validation_strong PASSED [ 63%]
projects/Samokoder/tests/test_security_asvs_v2_auth.py::TestAuthenticationSecurity::test_password_strength_validation_weak PASSED [ 63%]
projects/Samokoder/tests/test_security_asvs_v2_auth.py::TestAuthenticationSecurity::test_account_lockout_mechanism PASSED [ 64%]
projects/Samokoder/tests/test_security_asvs_v2_auth.py::TestAuthenticationSecurity::test_account_unlock_after_timeout PASSED [ 64%]
projects/Samokoder/tests/test_security_asvs_v2_auth.py::TestAuthenticationSecurity::test_failed_attempts_recording PASSED [ 64%]
projects/Samokoder/tests/test_security_asvs_v2_auth.py::TestAuthenticationSecurity::test_reset_failed_attempts_on_success PASSED [ 65%]
projects/Samokoder/tests/test_security_asvs_v2_auth.py::TestAuthenticationSecurity::test_secure_session_token_generation PASSED [ 65%]
projects/Samokoder/tests/test_security_asvs_v2_auth.py::TestAuthenticationSecurity::test_session_token_validation FAILED [ 65%]
projects/Samokoder/tests/test_security_asvs_v2_auth.py::TestAuthenticationSecurity::test_password_hashing PASSED [ 66%]
projects/Samokoder/tests/test_security_asvs_v2_auth.py::TestAuthenticationSecurity::test_password_verification PASSED [ 66%]
projects/Samokoder/tests/test_security_asvs_v2_auth.py::TestAuthenticationSecurity::test_input_sanitization PASSED [ 66%]
projects/Samokoder/tests/test_security_asvs_v2_auth.py::TestAuthenticationSecurity::test_password_history_check PASSED [ 67%]
projects/Samokoder/tests/test_security_asvs_v2_auth.py::TestAuthenticationSecurity::test_timing_attack_resistance PASSED [ 67%]
projects/Samokoder/tests/test_security_asvs_v2_auth.py::TestAuthenticationSecurity::test_concurrent_authentication_attempts PASSED [ 67%]
projects/Samokoder/tests/test_security_asvs_v3_sessions.py::TestSessionSecurity::test_secure_session_id_generation PASSED [ 68%]
projects/Samokoder/tests/test_security_asvs_v3_sessions.py::TestSessionSecurity::test_session_creation PASSED [ 68%]
projects/Samokoder/tests/test_security_asvs_v3_sessions.py::TestSessionSecurity::test_session_validation_success PASSED [ 68%]
projects/Samokoder/tests/test_security_asvs_v3_sessions.py::TestSessionSecurity::test_session_validation_failure PASSED [ 69%]
projects/Samokoder/tests/test_security_asvs_v3_sessions.py::TestSessionSecurity::test_session_timeout PASSED [ 69%]
projects/Samokoder/tests/test_security_asvs_v3_sessions.py::TestSessionSecurity::test_session_invalidation PASSED [ 69%]
projects/Samokoder/tests/test_security_asvs_v3_sessions.py::TestSessionSecurity::test_user_sessions_invalidation PASSED [ 70%]
projects/Samokoder/tests/test_security_asvs_v3_sessions.py::TestSessionSecurity::test_csrf_token_generation PASSED [ 70%]
projects/Samokoder/tests/test_security_asvs_v3_sessions.py::TestSessionSecurity::test_csrf_token_validation PASSED [ 70%]
projects/Samokoder/tests/test_security_asvs_v3_sessions.py::TestSessionSecurity::test_session_id_rotation PASSED [ 71%]
projects/Samokoder/tests/test_security_asvs_v3_sessions.py::TestSessionSecurity::test_expired_sessions_cleanup PASSED [ 71%]
projects/Samokoder/tests/test_security_asvs_v3_sessions.py::TestSessionSecurity::test_session_info_retrieval PASSED [ 71%]
projects/Samokoder/tests/test_security_asvs_v3_sessions.py::TestSessionSecurity::test_session_attributes PASSED [ 72%]
projects/Samokoder/tests/test_security_asvs_v3_sessions.py::TestSessionSecurity::test_session_timeout_enforcement PASSED [ 72%]
projects/Samokoder/tests/test_security_asvs_v3_sessions.py::TestSessionSecurity::test_session_anomaly_detection PASSED [ 72%]
projects/Samokoder/tests/test_security_asvs_v3_sessions.py::TestSessionSecurity::test_max_sessions_per_user PASSED [ 73%]
projects/Samokoder/tests/test_security_asvs_v3_sessions.py::TestSessionSecurity::test_concurrent_session_operations FAILED [ 73%]
projects/Samokoder/tests/test_security_asvs_v4_access_control.py::TestAccessControlSecurity::test_permission_check_success PASSED [ 73%]
projects/Samokoder/tests/test_security_asvs_v4_access_control.py::TestAccessControlSecurity::test_permission_check_failure PASSED [ 74%]
projects/Samokoder/tests/test_security_asvs_v4_access_control.py::TestAccessControlSecurity::test_resource_ownership_check PASSED [ 74%]
projects/Samokoder/tests/test_security_asvs_v4_access_control.py::TestAccessControlSecurity::test_ownership_access_enforcement PASSED [ 75%]
projects/Samokoder/tests/test_security_asvs_v4_access_control.py::TestAccessControlSecurity::test_role_based_access_check PASSED [ 75%]
projects/Samokoder/tests/test_security_asvs_v4_access_control.py::TestAccessControlSecurity::test_resource_access_validation PASSED [ 75%]
projects/Samokoder/tests/test_security_asvs_v4_access_control.py::TestAccessControlSecurity::test_resource_access_validation_failure PASSED [ 76%]
projects/Samokoder/tests/test_security_asvs_v4_access_control.py::TestAccessControlSecurity::test_resource_id_sanitization FAILED [ 76%]
projects/Samokoder/tests/test_security_asvs_v4_access_control.py::TestAccessControlSecurity::test_resource_type_validation PASSED [ 76%]
projects/Samokoder/tests/test_security_asvs_v4_access_control.py::TestAccessControlSecurity::test_rate_limit_by_role PASSED [ 77%]
projects/Samokoder/tests/test_security_asvs_v4_access_control.py::TestAccessControlSecurity::test_principle_of_least_privilege FAILED [ 77%]
projects/Samokoder/tests/test_security_asvs_v4_access_control.py::TestAccessControlSecurity::test_cross_tenant_access PASSED [ 77%]
projects/Samokoder/tests/test_security_asvs_v4_access_control.py::TestAccessControlSecurity::test_api_endpoint_access PASSED [ 78%]
projects/Samokoder/tests/test_security_asvs_v4_access_control.py::TestAccessControlSecurity::test_data_access_scope PASSED [ 78%]
projects/Samokoder/tests/test_security_asvs_v4_access_control.py::TestAccessControlSecurity::test_access_attempt_audit FAILED [ 78%]
projects/Samokoder/tests/test_security_asvs_v4_access_control.py::TestAccessControlSecurity::test_privilege_escalation_check PASSED [ 79%]
projects/Samokoder/tests/test_security_asvs_v4_access_control.py::TestAccessControlSecurity::test_session_authorization_validation PASSED [ 79%]
projects/Samokoder/tests/test_security_asvs_v4_access_control.py::TestAccessControlSecurity::test_comprehensive_access_control_flow FAILED [ 79%]
projects/Samokoder/tests/test_security_asvs_v4_access_control.py::TestAccessControlSecurity::test_edge_cases PASSED [ 80%]
projects/Samokoder/tests/test_security_asvs_v5_validation.py::TestValidationSecurity::test_input_length_validation PASSED [ 80%]
projects/Samokoder/tests/test_security_asvs_v5_validation.py::TestValidationSecurity::test_html_input_sanitization FAILED [ 80%]
projects/Samokoder/tests/test_security_asvs_v5_validation.py::TestValidationSecurity::test_email_format_validation FAILED [ 81%]
projects/Samokoder/tests/test_security_asvs_v5_validation.py::TestValidationSecurity::test_url_format_validation FAILED [ 81%]
projects/Samokoder/tests/test_security_asvs_v5_validation.py::TestValidationSecurity::test_json_input_validation PASSED [ 81%]
projects/Samokoder/tests/test_security_asvs_v5_validation.py::TestValidationSecurity::test_sql_input_sanitization FAILED [ 82%]
projects/Samokoder/tests/test_security_asvs_v5_validation.py::TestValidationSecurity::test_file_upload_validation PASSED [ 82%]
projects/Samokoder/tests/test_security_asvs_v5_validation.py::TestValidationSecurity::test_html_output_encoding FAILED [ 82%]
projects/Samokoder/tests/test_security_asvs_v5_validation.py::TestValidationSecurity::test_url_output_encoding FAILED [ 83%]
projects/Samokoder/tests/test_security_asvs_v5_validation.py::TestValidationSecurity::test_json_output_encoding PASSED [ 83%]
projects/Samokoder/tests/test_security_asvs_v5_validation.py::TestValidationSecurity::test_numeric_input_validation PASSED [ 83%]
projects/Samokoder/tests/test_security_asvs_v5_validation.py::TestValidationSecurity::test_alpha_numeric_input_validation PASSED [ 84%]
projects/Samokoder/tests/test_security_asvs_v5_validation.py::TestValidationSecurity::test_path_input_sanitization PASSED [ 84%]
projects/Samokoder/tests/test_security_asvs_v5_validation.py::TestValidationSecurity::test_base64_input_validation PASSED [ 84%]
projects/Samokoder/tests/test_security_asvs_v5_validation.py::TestValidationSecurity::test_injection_attack_prevention PASSED [ 85%]
projects/Samokoder/tests/test_security_asvs_v5_validation.py::TestValidationSecurity::test_comprehensive_validation_flow FAILED [ 85%]
projects/Samokoder/tests/test_security_asvs_v5_validation.py::TestValidationSecurity::test_edge_cases FAILED [ 85%]
projects/Samokoder/tests/test_security_asvs_v7_errors_logging.py::TestErrorHandlingSecurity::test_error_message_sanitization PASSED [ 86%]
projects/Samokoder/tests/test_security_asvs_v7_errors_logging.py::TestErrorHandlingSecurity::test_security_event_logging PASSED [ 86%]
projects/Samokoder/tests/test_security_asvs_v7_errors_logging.py::TestErrorHandlingSecurity::test_log_data_sanitization PASSED [ 86%]
projects/Samokoder/tests/test_security_asvs_v7_errors_logging.py::TestErrorHandlingSecurity::test_authentication_error_handling PASSED [ 87%]
projects/Samokoder/tests/test_security_asvs_v7_errors_logging.py::TestErrorHandlingSecurity::test_authorization_error_handling PASSED [ 87%]
projects/Samokoder/tests/test_security_asvs_v7_errors_logging.py::TestErrorHandlingSecurity::test_input_validation_error_handling PASSED [ 88%]
projects/Samokoder/tests/test_security_asvs_v7_errors_logging.py::TestErrorHandlingSecurity::test_system_error_handling PASSED [ 88%]
projects/Samokoder/tests/test_security_asvs_v7_errors_logging.py::TestErrorHandlingSecurity::test_security_violation_handling PASSED [ 88%]
projects/Samokoder/tests/test_security_asvs_v7_errors_logging.py::TestErrorHandlingSecurity::test_safe_error_response_creation PASSED [ 89%]
projects/Samokoder/tests/test_security_asvs_v7_errors_logging.py::TestErrorHandlingSecurity::test_request_id_generation PASSED [ 89%]
projects/Samokoder/tests/test_security_asvs_v7_errors_logging.py::TestErrorHandlingSecurity::test_api_access_logging PASSED [ 89%]
projects/Samokoder/tests/test_security_asvs_v7_errors_logging.py::TestErrorHandlingSecurity::test_api_access_logging_error_status PASSED [ 90%]
projects/Samokoder/tests/test_security_asvs_v7_errors_logging.py::TestErrorHandlingSecurity::test_anomalous_activity_detection FAILED [ 90%]
projects/Samokoder/tests/test_security_asvs_v7_errors_logging.py::TestErrorHandlingSecurity::test_security_logs_retrieval PASSED [ 90%]
projects/Samokoder/tests/test_security_asvs_v7_errors_logging.py::TestErrorHandlingSecurity::test_old_logs_clearing PASSED [ 91%]
projects/Samokoder/tests/test_security_asvs_v7_errors_logging.py::TestErrorHandlingSecurity::test_security_logs_export_json PASSED [ 91%]
projects/Samokoder/tests/test_security_asvs_v7_errors_logging.py::TestErrorHandlingSecurity::test_security_logs_export_csv PASSED [ 91%]
projects/Samokoder/tests/test_security_asvs_v7_errors_logging.py::TestErrorHandlingSecurity::test_log_size_limit PASSED [ 92%]
projects/Samokoder/tests/test_security_asvs_v7_errors_logging.py::TestErrorHandlingSecurity::test_comprehensive_error_handling_flow PASSED [ 92%]
projects/Samokoder/tests/test_security_critical_fixes.py::TestAuthenticationSecurity::test_mfa_secret_generation PASSED [ 92%]
projects/Samokoder/tests/test_security_critical_fixes.py::TestAuthenticationSecurity::test_mfa_code_verification FAILED [ 93%]
projects/Samokoder/tests/test_security_critical_fixes.py::TestAuthenticationSecurity::test_password_hashing PASSED [ 93%]
projects/Samokoder/tests/test_security_critical_fixes.py::TestAuthenticationSecurity::test_password_verification FAILED [ 93%]
projects/Samokoder/tests/test_security_critical_fixes.py::TestAuthenticationSecurity::test_brute_force_protection PASSED [ 94%]
projects/Samokoder/tests/test_security_critical_fixes.py::TestSessionSecurity::test_secure_session_creation PASSED [ 94%]
projects/Samokoder/tests/test_security_critical_fixes.py::TestSessionSecurity::test_session_validation PASSED [ 94%]
projects/Samokoder/tests/test_security_critical_fixes.py::TestAccessControl::test_permission_checking PASSED [ 95%]
projects/Samokoder/tests/test_security_critical_fixes.py::TestInputValidation::test_input_validation FAILED [ 95%]
projects/Samokoder/tests/test_security_critical_fixes.py::TestInputValidation::test_sql_injection_detection FAILED [ 95%]
projects/Samokoder/tests/test_security_critical_fixes.py::TestInputValidation::test_xss_detection PASSED [ 96%]
projects/Samokoder/tests/test_security_critical_fixes.py::TestErrorHandling::test_safe_error_response PASSED [ 96%]
projects/Samokoder/tests/test_security_critical_fixes.py::TestSecretsManagement::test_secret_retrieval PASSED [ 96%]
projects/Samokoder/tests/test_security_critical_fixes.py::TestSecretsManagement::test_secrets_validation PASSED [ 97%]
projects/Samokoder/tests/test_security_critical_fixes.py::TestAPISecurity::test_rate_limiting PASSED [ 97%]
projects/Samokoder/tests/test_security_critical_fixes.py::TestAPISecurity::test_ip_blocking PASSED [ 97%]
projects/Samokoder/tests/test_security_critical_fixes.py::TestSecurityMiddleware::test_middleware_creation PASSED [ 98%]
projects/Samokoder/tests/test_security_critical_fixes.py::TestSecurityMiddleware::test_middleware_with_test_client FAILED [ 98%]
projects/Samokoder/tests/test_security_critical_fixes.py::TestIntegrationFixes::test_apply_auth_fixes PASSED [ 98%]
projects/Samokoder/tests/test_security_critical_fixes.py::TestIntegrationFixes::test_apply_all_fixes PASSED [ 99%]
projects/Samokoder/tests/test_security_critical_fixes.py::TestPerformanceSecurity::test_password_hashing_performance FAILED [ 99%]
projects/Samokoder/tests/test_security_critical_fixes.py::TestPerformanceSecurity::test_rate_limiting_performance PASSED [100%]

==================================== ERRORS ====================================
_ ERROR at setup of TestSecretsManagerIntegration.test_secrets_manager_with_environment_provider _

self = <tests.test_integration_security.TestSecretsManagerIntegration object at 0x7a57f30fc8f0>

    @pytest.fixture
    def secrets_manager(self):
        """Create secrets manager instance"""
>       return SecretsManager()
E       TypeError: SecretsManager.__init__() missing 1 required positional argument: 'provider'

projects/Samokoder/tests/test_integration_security.py:16: TypeError
_ ERROR at setup of TestSecretsManagerIntegration.test_secrets_manager_caching _

self = <tests.test_integration_security.TestSecretsManagerIntegration object at 0x7a57f30fcf80>

    @pytest.fixture
    def secrets_manager(self):
        """Create secrets manager instance"""
>       return SecretsManager()
E       TypeError: SecretsManager.__init__() missing 1 required positional argument: 'provider'

projects/Samokoder/tests/test_integration_security.py:16: TypeError
_ ERROR at setup of TestSecretsManagerIntegration.test_secrets_manager_fallback _

self = <tests.test_integration_security.TestSecretsManagerIntegration object at 0x7a57f30fcc50>

    @pytest.fixture
    def secrets_manager(self):
        """Create secrets manager instance"""
>       return SecretsManager()
E       TypeError: SecretsManager.__init__() missing 1 required positional argument: 'provider'

projects/Samokoder/tests/test_integration_security.py:16: TypeError
_ ERROR at setup of TestSecretsManagerIntegration.test_secrets_manager_audit_logging _

self = <tests.test_integration_security.TestSecretsManagerIntegration object at 0x7a57f30fcc80>

    @pytest.fixture
    def secrets_manager(self):
        """Create secrets manager instance"""
>       return SecretsManager()
E       TypeError: SecretsManager.__init__() missing 1 required positional argument: 'provider'

projects/Samokoder/tests/test_integration_security.py:16: TypeError
=================================== FAILURES ===================================
_________________ TestAPIKeyEncryption.test_encrypt_empty_key __________________

self = <tests.test_encryption.TestAPIKeyEncryption object at 0x7a57f34153d0>
encryption_service = <backend.services.encryption.APIKeyEncryption object at 0x7a57f2994e00>

    def test_encrypt_empty_key(self, encryption_service):
        """Тест шифрования пустого ключа"""
>       with pytest.raises(ValueError) as exc_info:
E       Failed: DID NOT RAISE <class 'ValueError'>

projects/Samokoder/tests/test_encryption.py:70: Failed
_____ TestCircuitBreakerIntegration.test_circuit_breaker_state_transitions _____

self = <tests.test_integration_circuit_breaker.TestCircuitBreakerIntegration object at 0x7a57f31cc3e0>

    @pytest.mark.asyncio
    async def test_circuit_breaker_state_transitions(self):
        """Test circuit breaker state transitions"""
        config = CircuitBreakerConfig(
            failure_threshold=2,
            recovery_timeout=0.1,
            success_threshold=2,
            timeout=5
        )
        breaker = CircuitBreaker("test", config)
    
        # Start in CLOSED state
        assert breaker.state == CircuitState.CLOSED
    
        # Mock failing function
        async def fail_func():
            raise Exception("test error")
    
        # First failure - should stay CLOSED
        with pytest.raises(Exception):
            await breaker.call(fail_func)
        assert breaker.state == CircuitState.CLOSED
    
        # Second failure - should go to OPEN
        with pytest.raises(Exception):
            await breaker.call(fail_func)
        assert breaker.state == CircuitState.OPEN
    
        # Wait for recovery timeout
        await asyncio.sleep(0.2)
    
        # Mock successful function
        async def success_func():
            return "success"
    
        # Should go to HALF_OPEN and then CLOSED
        result = await breaker.call(success_func)
        assert result == "success"
>       assert breaker.state == CircuitState.CLOSED
E       AssertionError: assert <CircuitState.HALF_OPEN: 'half_open'> == <CircuitState.CLOSED: 'closed'>
E        +  where <CircuitState.HALF_OPEN: 'half_open'> = <backend.patterns.circuit_breaker.CircuitBreaker object at 0x7a57f29a84d0>.state
E        +  and   <CircuitState.CLOSED: 'closed'> = CircuitState.CLOSED

projects/Samokoder/tests/test_integration_circuit_breaker.py:213: AssertionError
------------------------------ Captured log call -------------------------------
WARNING  backend.patterns.circuit_breaker:circuit_breaker.py:104 {"name": "test", "failure_count": 1, "error": "test error", "event": "circuit_breaker_failure", "logger": "backend.patterns.circuit_breaker", "level": "warning", "timestamp": "2025-09-10T19:40:39.692948Z"}
WARNING  backend.patterns.circuit_breaker:circuit_breaker.py:104 {"name": "test", "failure_count": 2, "error": "test error", "event": "circuit_breaker_failure", "logger": "backend.patterns.circuit_breaker", "level": "warning", "timestamp": "2025-09-10T19:40:39.693116Z"}
WARNING  backend.patterns.circuit_breaker:circuit_breaker.py:114 {"name": "test", "event": "circuit_breaker_open", "logger": "backend.patterns.circuit_breaker", "level": "warning", "timestamp": "2025-09-10T19:40:39.693236Z"}
__________ TestCircuitBreakerIntegration.test_circuit_breaker_metrics __________

self = <tests.test_integration_circuit_breaker.TestCircuitBreakerIntegration object at 0x7a57f31cc200>

    @pytest.mark.asyncio
    async def test_circuit_breaker_metrics(self):
        """Test circuit breaker metrics"""
        config = CircuitBreakerConfig(
            failure_threshold=2,
            recovery_timeout=1,
            success_threshold=2,
            timeout=5
        )
        breaker = CircuitBreaker("test", config)
    
        # Mock failing function
        async def fail_func():
            raise Exception("test error")
    
        # Trigger failures
        for _ in range(3):
            with pytest.raises(Exception):
                await breaker.call(fail_func)
    
        # Check metrics
>       assert breaker.failure_count == 3
E       assert 2 == 3
E        +  where 2 = <backend.patterns.circuit_breaker.CircuitBreaker object at 0x7a57f29a83e0>.failure_count

projects/Samokoder/tests/test_integration_circuit_breaker.py:236: AssertionError
------------------------------ Captured log call -------------------------------
WARNING  backend.patterns.circuit_breaker:circuit_breaker.py:104 {"name": "test", "failure_count": 1, "error": "test error", "event": "circuit_breaker_failure", "logger": "backend.patterns.circuit_breaker", "level": "warning", "timestamp": "2025-09-10T19:40:39.900237Z"}
WARNING  backend.patterns.circuit_breaker:circuit_breaker.py:104 {"name": "test", "failure_count": 2, "error": "test error", "event": "circuit_breaker_failure", "logger": "backend.patterns.circuit_breaker", "level": "warning", "timestamp": "2025-09-10T19:40:39.900411Z"}
WARNING  backend.patterns.circuit_breaker:circuit_breaker.py:114 {"name": "test", "event": "circuit_breaker_open", "logger": "backend.patterns.circuit_breaker", "level": "warning", "timestamp": "2025-09-10T19:40:39.900484Z"}
_____ TestCircuitBreakerIntegration.test_circuit_breaker_custom_exceptions _____

self = <tests.test_integration_circuit_breaker.TestCircuitBreakerIntegration object at 0x7a57f31ce540>

    @pytest.mark.asyncio
    async def test_circuit_breaker_custom_exceptions(self):
        """Test circuit breaker with custom exceptions"""
        config = CircuitBreakerConfig(
            failure_threshold=1,
            recovery_timeout=1,
            success_threshold=1,
            timeout=5,
            expected_exception=(ValueError,)
        )
        breaker = CircuitBreaker("test", config)
    
        # Mock function that raises expected exception
        async def expected_error_func():
            raise ValueError("expected error")
    
        # Should count as failure
        with pytest.raises(ValueError):
            await breaker.call(expected_error_func)
    
        assert breaker.state == CircuitState.OPEN
    
        # Mock function that raises unexpected exception
        async def unexpected_error_func():
            raise RuntimeError("unexpected error")
    
        # Should not count as failure (but still raise)
        with pytest.raises(RuntimeError):
>           await breaker.call(unexpected_error_func)

projects/Samokoder/tests/test_integration_circuit_breaker.py:268: 
_ _ _ _ _ _ _ _ _ _ _ _ _ _ _ _ _ _ _ _ _ _ _ _ _ _ _ _ _ _ _ _ _ _ _ _ _ _ _ _ 

self = <backend.patterns.circuit_breaker.CircuitBreaker object at 0x7a57f2997a10>
func = <function TestCircuitBreakerIntegration.test_circuit_breaker_custom_exceptions.<locals>.unexpected_error_func at 0x7a57f29a34c0>
args = (), kwargs = {}

    async def call(self, func: Callable, *args, **kwargs) -> Any:
        """Execute function with circuit breaker protection"""
    
        async with self._lock:
            # Check if circuit is open and should remain open
            if self.state == CircuitState.OPEN:
                if self._should_attempt_reset():
                    self.state = CircuitState.HALF_OPEN
                    self.success_count = 0
                    logger.info("circuit_breaker_half_open", name=self.name)
                else:
>                   raise CircuitBreakerOpenException(f"Circuit breaker '{self.name}' is OPEN")
E                   backend.patterns.circuit_breaker.CircuitBreakerOpenException: Circuit breaker 'test' is OPEN

projects/Samokoder/backend/patterns/circuit_breaker.py:54: CircuitBreakerOpenException
------------------------------ Captured log call -------------------------------
WARNING  backend.patterns.circuit_breaker:circuit_breaker.py:104 {"name": "test", "failure_count": 1, "error": "expected error", "event": "circuit_breaker_failure", "logger": "backend.patterns.circuit_breaker", "level": "warning", "timestamp": "2025-09-10T19:40:39.918673Z"}
WARNING  backend.patterns.circuit_breaker:circuit_breaker.py:114 {"name": "test", "event": "circuit_breaker_open", "logger": "backend.patterns.circuit_breaker", "level": "warning", "timestamp": "2025-09-10T19:40:39.918778Z"}
_ TestMigrationManagerIntegration.test_migration_manager_initialization_with_settings _

self = <tests.test_integration_migration_manager.TestMigrationManagerIntegration object at 0x7a57f31d5040>

    def test_migration_manager_initialization_with_settings(self):
        """Test migration manager initialization with settings fallback"""
        # Mock settings
        with patch('backend.services.migration_manager.settings') as mock_settings:
            mock_settings.database_user = "test_user"
            mock_settings.database_password = "test_pass"
            mock_settings.database_host = "test_host"
            mock_settings.database_port = "5432"
            mock_settings.database_name = "test_db"
    
            manager = MigrationManager()
            expected_url = "postgresql://test_user:test_pass@test_host:5432/test_db"
>           assert manager.database_url == expected_url
E           AssertionError: assert 'postgresql:/...db-1:5432/n8n' == 'postgresql:/...:5432/test_db'
E             - postgresql://test_user:test_pass@test_host:5432/test_db
E             + postgresql://n8n:n8n@n8n-db-1:5432/n8n

projects/Samokoder/tests/test_integration_migration_manager.py:43: AssertionError
________ TestMigrationManagerIntegration.test_migration_upgrade_success ________

self = <tests.test_integration_migration_manager.TestMigrationManagerIntegration object at 0x7a57f31d5100>

    @pytest.mark.asyncio
    async def test_migration_upgrade_success(self):
        """Test successful migration upgrade"""
        manager = MigrationManager("postgresql://test:test@localhost:5432/test")
    
        # Mock subprocess
        with patch('asyncio.create_subprocess_exec') as mock_subprocess:
            mock_process = AsyncMock()
            mock_process.returncode = 0
            mock_process.communicate.return_value = (b"Migration successful", b"")
            mock_subprocess.return_value = mock_process
    
            result = await manager.upgrade("head")
    
>           assert result is True
E           assert False is True

projects/Samokoder/tests/test_integration_migration_manager.py:59: AssertionError
------------------------------ Captured log call -------------------------------
ERROR    backend.services.migration_manager:migration_manager.py:50 Migration upgrade failed: name 'os' is not defined
________ TestMigrationManagerIntegration.test_migration_upgrade_failure ________

self = <tests.test_integration_migration_manager.TestMigrationManagerIntegration object at 0x7a57f31cfa40>

    @pytest.mark.asyncio
    async def test_migration_upgrade_failure(self):
        """Test migration upgrade failure"""
        manager = MigrationManager("postgresql://test:test@localhost:5432/test")
    
        # Mock subprocess
        with patch('asyncio.create_subprocess_exec') as mock_subprocess:
            mock_process = AsyncMock()
            mock_process.returncode = 1
            mock_process.communicate.return_value = (b"", b"Migration failed")
            mock_subprocess.return_value = mock_process
    
            result = await manager.upgrade("head")
    
            assert result is False
>           mock_subprocess.assert_called_once()

projects/Samokoder/tests/test_integration_migration_manager.py:77: 
_ _ _ _ _ _ _ _ _ _ _ _ _ _ _ _ _ _ _ _ _ _ _ _ _ _ _ _ _ _ _ _ _ _ _ _ _ _ _ _ 

self = <AsyncMock name='create_subprocess_exec' id='134518150666128'>

    def assert_called_once(self):
        """assert that the mock was called only once.
        """
        if not self.call_count == 1:
            msg = ("Expected '%s' to have been called once. Called %s times.%s"
                   % (self._mock_name or 'mock',
                      self.call_count,
                      self._calls_repr()))
>           raise AssertionError(msg)
E           AssertionError: Expected 'create_subprocess_exec' to have been called once. Called 0 times.

/usr/lib/python3.12/unittest/mock.py:923: AssertionError
------------------------------ Captured log call -------------------------------
ERROR    backend.services.migration_manager:migration_manager.py:50 Migration upgrade failed: name 'os' is not defined
_______ TestMigrationManagerIntegration.test_migration_downgrade_success _______

self = <tests.test_integration_migration_manager.TestMigrationManagerIntegration object at 0x7a57f31cf560>

    @pytest.mark.asyncio
    async def test_migration_downgrade_success(self):
        """Test successful migration downgrade"""
        manager = MigrationManager("postgresql://test:test@localhost:5432/test")
    
        # Mock subprocess
        with patch('asyncio.create_subprocess_exec') as mock_subprocess:
            mock_process = AsyncMock()
            mock_process.returncode = 0
            mock_process.communicate.return_value = (b"Downgrade successful", b"")
            mock_subprocess.return_value = mock_process
    
            result = await manager.downgrade("-1")
    
>           assert result is True
E           assert False is True

projects/Samokoder/tests/test_integration_migration_manager.py:93: AssertionError
------------------------------ Captured log call -------------------------------
ERROR    backend.services.migration_manager:migration_manager.py:74 Migration downgrade failed: name 'os' is not defined
_______ TestMigrationManagerIntegration.test_migration_downgrade_failure _______

self = <tests.test_integration_migration_manager.TestMigrationManagerIntegration object at 0x7a57f31ced20>

    @pytest.mark.asyncio
    async def test_migration_downgrade_failure(self):
        """Test migration downgrade failure"""
        manager = MigrationManager("postgresql://test:test@localhost:5432/test")
    
        # Mock subprocess
        with patch('asyncio.create_subprocess_exec') as mock_subprocess:
            mock_process = AsyncMock()
            mock_process.returncode = 1
            mock_process.communicate.return_value = (b"", b"Downgrade failed")
            mock_subprocess.return_value = mock_process
    
            result = await manager.downgrade("-1")
    
            assert result is False
>           mock_subprocess.assert_called_once()

projects/Samokoder/tests/test_integration_migration_manager.py:111: 
_ _ _ _ _ _ _ _ _ _ _ _ _ _ _ _ _ _ _ _ _ _ _ _ _ _ _ _ _ _ _ _ _ _ _ _ _ _ _ _ 

self = <AsyncMock name='create_subprocess_exec' id='134518150327776'>

    def assert_called_once(self):
        """assert that the mock was called only once.
        """
        if not self.call_count == 1:
            msg = ("Expected '%s' to have been called once. Called %s times.%s"
                   % (self._mock_name or 'mock',
                      self.call_count,
                      self._calls_repr()))
>           raise AssertionError(msg)
E           AssertionError: Expected 'create_subprocess_exec' to have been called once. Called 0 times.

/usr/lib/python3.12/unittest/mock.py:923: AssertionError
------------------------------ Captured log call -------------------------------
ERROR    backend.services.migration_manager:migration_manager.py:74 Migration downgrade failed: name 'os' is not defined
________ TestMigrationManagerIntegration.test_current_revision_success _________

self = <tests.test_integration_migration_manager.TestMigrationManagerIntegration object at 0x7a57f31d4aa0>

    @pytest.mark.asyncio
    async def test_current_revision_success(self):
        """Test successful current revision retrieval"""
        manager = MigrationManager("postgresql://test:test@localhost:5432/test")
    
        # Mock subprocess
        with patch('asyncio.create_subprocess_exec') as mock_subprocess:
            mock_process = AsyncMock()
            mock_process.returncode = 0
            mock_process.communicate.return_value = (b"abc123 (head)", b"")
            mock_subprocess.return_value = mock_process
    
            revision = await manager.current_revision()
    
>           assert revision == "abc123"
E           AssertionError: assert None == 'abc123'

projects/Samokoder/tests/test_integration_migration_manager.py:127: AssertionError
------------------------------ Captured log call -------------------------------
ERROR    backend.services.migration_manager:migration_manager.py:99 Failed to get current revision: name 'os' is not defined
________ TestMigrationManagerIntegration.test_current_revision_failure _________

self = <tests.test_integration_migration_manager.TestMigrationManagerIntegration object at 0x7a57f31d4ec0>

    @pytest.mark.asyncio
    async def test_current_revision_failure(self):
        """Test current revision retrieval failure"""
        manager = MigrationManager("postgresql://test:test@localhost:5432/test")
    
        # Mock subprocess
        with patch('asyncio.create_subprocess_exec') as mock_subprocess:
            mock_process = AsyncMock()
            mock_process.returncode = 1
            mock_process.communicate.return_value = (b"", b"Error getting revision")
            mock_subprocess.return_value = mock_process
    
            revision = await manager.current_revision()
    
            assert revision is None
>           mock_subprocess.assert_called_once()

projects/Samokoder/tests/test_integration_migration_manager.py:145: 
_ _ _ _ _ _ _ _ _ _ _ _ _ _ _ _ _ _ _ _ _ _ _ _ _ _ _ _ _ _ _ _ _ _ _ _ _ _ _ _ 

self = <AsyncMock name='create_subprocess_exec' id='134518150962816'>

    def assert_called_once(self):
        """assert that the mock was called only once.
        """
        if not self.call_count == 1:
            msg = ("Expected '%s' to have been called once. Called %s times.%s"
                   % (self._mock_name or 'mock',
                      self.call_count,
                      self._calls_repr()))
>           raise AssertionError(msg)
E           AssertionError: Expected 'create_subprocess_exec' to have been called once. Called 0 times.

/usr/lib/python3.12/unittest/mock.py:923: AssertionError
------------------------------ Captured log call -------------------------------
ERROR    backend.services.migration_manager:migration_manager.py:99 Failed to get current revision: name 'os' is not defined
________ TestMigrationManagerIntegration.test_create_migration_success _________

self = <tests.test_integration_migration_manager.TestMigrationManagerIntegration object at 0x7a57f31d51f0>

    @pytest.mark.asyncio
    async def test_create_migration_success(self):
        """Test successful migration creation"""
        manager = MigrationManager("postgresql://test:test@localhost:5432/test")
    
        # Mock subprocess
        with patch('asyncio.create_subprocess_exec') as mock_subprocess:
            mock_process = AsyncMock()
            mock_process.returncode = 0
            mock_process.communicate.return_value = (b"Migration created", b"")
            mock_subprocess.return_value = mock_process
    
            result = await manager.create_migration("test migration")
    
>           assert result is True
E           assert False is True

projects/Samokoder/tests/test_integration_migration_manager.py:161: AssertionError
------------------------------ Captured log call -------------------------------
ERROR    backend.services.migration_manager:migration_manager.py:122 Failed to create migration: name 'os' is not defined
________ TestMigrationManagerIntegration.test_create_migration_failure _________

self = <tests.test_integration_migration_manager.TestMigrationManagerIntegration object at 0x7a57f31d5610>

    @pytest.mark.asyncio
    async def test_create_migration_failure(self):
        """Test migration creation failure"""
        manager = MigrationManager("postgresql://test:test@localhost:5432/test")
    
        # Mock subprocess
        with patch('asyncio.create_subprocess_exec') as mock_subprocess:
            mock_process = AsyncMock()
            mock_process.returncode = 1
            mock_process.communicate.return_value = (b"", b"Error creating migration")
            mock_subprocess.return_value = mock_process
    
            result = await manager.create_migration("test migration")
    
            assert result is False
>           mock_subprocess.assert_called_once()

projects/Samokoder/tests/test_integration_migration_manager.py:179: 
_ _ _ _ _ _ _ _ _ _ _ _ _ _ _ _ _ _ _ _ _ _ _ _ _ _ _ _ _ _ _ _ _ _ _ _ _ _ _ _ 

self = <AsyncMock name='create_subprocess_exec' id='134518150438768'>

    def assert_called_once(self):
        """assert that the mock was called only once.
        """
        if not self.call_count == 1:
            msg = ("Expected '%s' to have been called once. Called %s times.%s"
                   % (self._mock_name or 'mock',
                      self.call_count,
                      self._calls_repr()))
>           raise AssertionError(msg)
E           AssertionError: Expected 'create_subprocess_exec' to have been called once. Called 0 times.

/usr/lib/python3.12/unittest/mock.py:923: AssertionError
------------------------------ Captured log call -------------------------------
ERROR    backend.services.migration_manager:migration_manager.py:122 Failed to create migration: name 'os' is not defined
________ TestMigrationManagerIntegration.test_migration_history_success ________

self = <tests.test_integration_migration_manager.TestMigrationManagerIntegration object at 0x7a57f31d5820>

    @pytest.mark.asyncio
    async def test_migration_history_success(self):
        """Test successful migration history retrieval"""
        manager = MigrationManager("postgresql://test:test@localhost:5432/test")
    
        # Mock subprocess
        with patch('asyncio.create_subprocess_exec') as mock_subprocess:
            mock_process = AsyncMock()
            mock_process.returncode = 0
            mock_process.communicate.return_value = (b"abc123 - Initial migration\nxyz789 - Add users table", b"")
            mock_subprocess.return_value = mock_process
    
            history = await manager.history()
    
>           assert len(history) == 2
E           assert 0 == 2
E            +  where 0 = len([])

projects/Samokoder/tests/test_integration_migration_manager.py:195: AssertionError
------------------------------ Captured log call -------------------------------
ERROR    backend.services.migration_manager:migration_manager.py:143 Failed to get migration history: name 'os' is not defined
________ TestMigrationManagerIntegration.test_migration_history_failure ________

self = <tests.test_integration_migration_manager.TestMigrationManagerIntegration object at 0x7a57f31d5970>

    @pytest.mark.asyncio
    async def test_migration_history_failure(self):
        """Test migration history retrieval failure"""
        manager = MigrationManager("postgresql://test:test@localhost:5432/test")
    
        # Mock subprocess
        with patch('asyncio.create_subprocess_exec') as mock_subprocess:
            mock_process = AsyncMock()
            mock_process.returncode = 1
            mock_process.communicate.return_value = (b"", b"Error getting history")
            mock_subprocess.return_value = mock_process
    
            history = await manager.history()
    
            assert history == []
>           mock_subprocess.assert_called_once()

projects/Samokoder/tests/test_integration_migration_manager.py:215: 
_ _ _ _ _ _ _ _ _ _ _ _ _ _ _ _ _ _ _ _ _ _ _ _ _ _ _ _ _ _ _ _ _ _ _ _ _ _ _ _ 

self = <AsyncMock name='create_subprocess_exec' id='134518150311488'>

    def assert_called_once(self):
        """assert that the mock was called only once.
        """
        if not self.call_count == 1:
            msg = ("Expected '%s' to have been called once. Called %s times.%s"
                   % (self._mock_name or 'mock',
                      self.call_count,
                      self._calls_repr()))
>           raise AssertionError(msg)
E           AssertionError: Expected 'create_subprocess_exec' to have been called once. Called 0 times.

/usr/lib/python3.12/unittest/mock.py:923: AssertionError
------------------------------ Captured log call -------------------------------
ERROR    backend.services.migration_manager:migration_manager.py:143 Failed to get migration history: name 'os' is not defined
_________ TestMigrationManagerIntegration.test_migration_status_check __________

self = <tests.test_integration_migration_manager.TestMigrationManagerIntegration object at 0x7a57f31d59a0>

    @pytest.mark.asyncio
    async def test_migration_status_check(self):
        """Test migration status check"""
        manager = MigrationManager("postgresql://test:test@localhost:5432/test")
    
        # Mock subprocess calls
        with patch('asyncio.create_subprocess_exec') as mock_subprocess:
            # Mock current revision call
            mock_process_current = AsyncMock()
            mock_process_current.returncode = 0
            mock_process_current.communicate.return_value = (b"abc123 (head)", b"")
    
            # Mock history call
            mock_process_history = AsyncMock()
            mock_process_history.returncode = 0
            mock_process_history.communicate.return_value = (b"abc123 - Initial migration", b"")
    
            mock_subprocess.side_effect = [mock_process_current, mock_process_history]
    
            status = await manager.check_migration_status()
    
            assert "current_revision" in status
>           assert "history" in status
E           AssertionError: assert 'history' in {'current_revision': None, 'is_up_to_date': False, 'total_migrations': 0}

projects/Samokoder/tests/test_integration_migration_manager.py:239: AssertionError
------------------------------ Captured log call -------------------------------
ERROR    backend.services.migration_manager:migration_manager.py:99 Failed to get current revision: name 'os' is not defined
ERROR    backend.services.migration_manager:migration_manager.py:143 Failed to get migration history: name 'os' is not defined
_____ TestMigrationManagerIntegration.test_migration_environment_variables _____

self = <tests.test_integration_migration_manager.TestMigrationManagerIntegration object at 0x7a57f31d5d30>

    @pytest.mark.asyncio
    async def test_migration_environment_variables(self):
        """Test migration with environment variables"""
        manager = MigrationManager("postgresql://test:test@localhost:5432/test")
    
        # Mock subprocess
        with patch('asyncio.create_subprocess_exec') as mock_subprocess:
            mock_process = AsyncMock()
            mock_process.returncode = 0
            mock_process.communicate.return_value = (b"Success", b"")
            mock_subprocess.return_value = mock_process
    
            await manager.upgrade("head")
    
            # Check that environment variables were passed
            call_args = mock_subprocess.call_args
>           env = call_args[1]["env"]
E           TypeError: 'NoneType' object is not subscriptable

projects/Samokoder/tests/test_integration_migration_manager.py:272: TypeError
------------------------------ Captured log call -------------------------------
ERROR    backend.services.migration_manager:migration_manager.py:50 Migration upgrade failed: name 'os' is not defined
________ TestProjectRepositoryIntegration.test_search_projects_success _________

self = <tests.test_integration_repositories.TestProjectRepositoryIntegration object at 0x7a57f30e1880>
project_repo = <backend.repositories.project_repository.ProjectRepository object at 0x7a57f282cb00>
mock_supabase = (<Mock name='connection_pool_manager.get_supabase_client()' id='134518149409600'>, <Mock name='connection_pool_manager.get_supabase_client().table()' id='134518149409648'>)

    @pytest.mark.asyncio
    async def test_search_projects_success(self, project_repo, mock_supabase):
        """Test successful project search"""
        mock_client, mock_table = mock_supabase
    
        # Mock response
        projects_data = [
            {"id": str(uuid4()), "user_id": str(uuid4()), "name": "Test Project", "description": "Test description"}
        ]
        mock_response = Mock()
        mock_response.data = projects_data
        mock_table.select.return_value.eq.return_value.eq.return_value.or_.return_value.range.return_value.order.return_value.execute.return_value = mock_response
    
        # Mock connection pool
        with patch('backend.repositories.project_repository.connection_pool_manager') as mock_pool:
            mock_pool.get_supabase_client.return_value = mock_client
    
            user_id = uuid4()
            result = await project_repo.search(user_id, "test", limit=10, offset=0)
    
>           assert result == projects_data
E           AssertionError: assert <Mock name='connection_pool_manager.get_supabase_client().table().select().eq().eq().or_().range().execute().data' id='134518150549616'> == [{'description': 'Test description', 'id': 'fabcfe4b-d00e-4b4c-9983-37eb8009f9f5', 'name': 'Test Project', 'user_id': 'e394d578-f3a1-45c5-b25a-e9d2b17cd8f2'}]

projects/Samokoder/tests/test_integration_repositories.py:275: AssertionError
_______ TestSecretsManagerIntegration.test_environment_provider_success ________

self = <tests.test_integration_security.TestSecretsManagerIntegration object at 0x7a57f30fc3e0>

    @pytest.mark.asyncio
    async def test_environment_provider_success(self):
        """Test successful environment provider operations"""
        provider = EnvironmentSecretsProvider(prefix="TEST_")
    
        # Test get secret
        with patch.dict('os.environ', {'TEST_API_KEY': 'test_value'}):
            result = await provider.get_secret("api_key")
            assert result == "test_value"
    
        # Test set secret
        await provider.set_secret("new_key", "new_value")
>       assert provider.get_secret("new_key") == "new_value"
E       AssertionError: assert <coroutine object EnvironmentSecretsProvider.get_secret at 0x7a57f2b332a0> == 'new_value'
E        +  where <coroutine object EnvironmentSecretsProvider.get_secret at 0x7a57f2b332a0> = <bound method EnvironmentSecretsProvider.get_secret of <backend.security.secrets_manager.EnvironmentSecretsProvider object at 0x7a57f286f7a0>>('new_key')
E        +    where <bound method EnvironmentSecretsProvider.get_secret of <backend.security.secrets_manager.EnvironmentSecretsProvider object at 0x7a57f286f7a0>> = <backend.security.secrets_manager.EnvironmentSecretsProvider object at 0x7a57f286f7a0>.get_secret

projects/Samokoder/tests/test_integration_security.py:30: AssertionError
_____ TestKeyRotationManagerIntegration.test_check_rotation_needed_expired _____

self = <tests.test_integration_security.TestKeyRotationManagerIntegration object at 0x7a57f30fd610>
key_rotation_manager = <backend.security.key_rotation.KeyRotationManager object at 0x7a57f2995760>

    @pytest.mark.asyncio
    async def test_check_rotation_needed_expired(self, key_rotation_manager):
        """Test rotation check with expired keys"""
        from datetime import datetime, timedelta
    
        # Mock expired rotation
        expired_date = datetime.now() - timedelta(days=100)
    
        with patch.object(key_rotation_manager, 'get_last_rotation_date', return_value=expired_date):
            keys_to_rotate = await key_rotation_manager.check_rotation_needed()
    
            # All keys should need rotation
>           assert len(keys_to_rotate) == len(key_rotation_manager.rotation_schedule)
E           AssertionError: assert 3 == 7
E            +  where 3 = len(['api_encryption_key', 'jwt_secret', 'csrf_secret'])
E            +  and   7 = len({'anthropic_api_key': datetime.timedelta(days=180), 'api_encryption_key': datetime.timedelta(days=90), 'csrf_secret': datetime.timedelta(days=60), 'groq_api_key': datetime.timedelta(days=180), ...})
E            +    where {'anthropic_api_key': datetime.timedelta(days=180), 'api_encryption_key': datetime.timedelta(days=90), 'csrf_secret': datetime.timedelta(days=60), 'groq_api_key': datetime.timedelta(days=180), ...} = <backend.security.key_rotation.KeyRotationManager object at 0x7a57f2995760>.rotation_schedule

projects/Samokoder/tests/test_integration_security.py:214: AssertionError
__________ TestKeyRotationManagerIntegration.test_rotate_key_success ___________

self = <tests.test_integration_security.TestKeyRotationManagerIntegration object at 0x7a57f30fd760>
key_rotation_manager = <backend.security.key_rotation.KeyRotationManager object at 0x7a57f29978f0>

    @pytest.mark.asyncio
    async def test_rotate_key_success(self, key_rotation_manager):
        """Test successful key rotation"""
        with patch.object(key_rotation_manager, 'generate_secure_key', return_value="new_key"):
>           with patch.object(key_rotation_manager, 'secrets_manager') as mock_secrets:

projects/Samokoder/tests/test_integration_security.py:220: 
_ _ _ _ _ _ _ _ _ _ _ _ _ _ _ _ _ _ _ _ _ _ _ _ _ _ _ _ _ _ _ _ _ _ _ _ _ _ _ _ 
/usr/lib/python3.12/unittest/mock.py:1458: in __enter__
    original, local = self.get_original()
_ _ _ _ _ _ _ _ _ _ _ _ _ _ _ _ _ _ _ _ _ _ _ _ _ _ _ _ _ _ _ _ _ _ _ _ _ _ _ _ 

self = <unittest.mock._patch object at 0x7a57f2987e60>

    def get_original(self):
        target = self.getter()
        name = self.attribute
    
        original = DEFAULT
        local = False
    
        try:
            original = target.__dict__[name]
        except (AttributeError, KeyError):
            original = getattr(target, name, DEFAULT)
        else:
            local = True
    
        if name in _builtins and isinstance(target, ModuleType):
            self.create = True
    
        if not self.create and original is DEFAULT:
>           raise AttributeError(
                "%s does not have the attribute %r" % (target, name)
            )
E           AttributeError: <backend.security.key_rotation.KeyRotationManager object at 0x7a57f29978f0> does not have the attribute 'secrets_manager'

/usr/lib/python3.12/unittest/mock.py:1431: AttributeError
__________ TestKeyRotationManagerIntegration.test_rotate_key_failure ___________

self = <tests.test_integration_security.TestKeyRotationManagerIntegration object at 0x7a57f30fda30>
key_rotation_manager = <backend.security.key_rotation.KeyRotationManager object at 0x7a57f29967e0>

    @pytest.mark.asyncio
    async def test_rotate_key_failure(self, key_rotation_manager):
        """Test key rotation failure"""
        with patch.object(key_rotation_manager, 'generate_secure_key', return_value="new_key"):
>           with patch.object(key_rotation_manager, 'secrets_manager') as mock_secrets:

projects/Samokoder/tests/test_integration_security.py:233: 
_ _ _ _ _ _ _ _ _ _ _ _ _ _ _ _ _ _ _ _ _ _ _ _ _ _ _ _ _ _ _ _ _ _ _ _ _ _ _ _ 
/usr/lib/python3.12/unittest/mock.py:1458: in __enter__
    original, local = self.get_original()
_ _ _ _ _ _ _ _ _ _ _ _ _ _ _ _ _ _ _ _ _ _ _ _ _ _ _ _ _ _ _ _ _ _ _ _ _ _ _ _ 

self = <unittest.mock._patch object at 0x7a57f286f1d0>

    def get_original(self):
        target = self.getter()
        name = self.attribute
    
        original = DEFAULT
        local = False
    
        try:
            original = target.__dict__[name]
        except (AttributeError, KeyError):
            original = getattr(target, name, DEFAULT)
        else:
            local = True
    
        if name in _builtins and isinstance(target, ModuleType):
            self.create = True
    
        if not self.create and original is DEFAULT:
>           raise AttributeError(
                "%s does not have the attribute %r" % (target, name)
            )
E           AttributeError: <backend.security.key_rotation.KeyRotationManager object at 0x7a57f29967e0> does not have the attribute 'secrets_manager'

/usr/lib/python3.12/unittest/mock.py:1431: AttributeError
________ TestKeyRotationManagerIntegration.test_rotate_all_keys_success ________

self = <tests.test_integration_security.TestKeyRotationManagerIntegration object at 0x7a57f30fda60>
key_rotation_manager = <backend.security.key_rotation.KeyRotationManager object at 0x7a57f29978c0>

    @pytest.mark.asyncio
    async def test_rotate_all_keys_success(self, key_rotation_manager):
        """Test successful rotation of all keys"""
        with patch.object(key_rotation_manager, 'check_rotation_needed', return_value=["key1", "key2"]):
            with patch.object(key_rotation_manager, 'rotate_key', return_value=True):
>               result = await key_rotation_manager.rotate_all_keys()
E               AttributeError: 'KeyRotationManager' object has no attribute 'rotate_all_keys'

projects/Samokoder/tests/test_integration_security.py:246: AttributeError
____ TestKeyRotationManagerIntegration.test_rotate_all_keys_partial_failure ____

self = <tests.test_integration_security.TestKeyRotationManagerIntegration object at 0x7a57f30fdd60>
key_rotation_manager = <backend.security.key_rotation.KeyRotationManager object at 0x7a57f286ed50>

    @pytest.mark.asyncio
    async def test_rotate_all_keys_partial_failure(self, key_rotation_manager):
        """Test partial failure in key rotation"""
        with patch.object(key_rotation_manager, 'check_rotation_needed', return_value=["key1", "key2"]):
            with patch.object(key_rotation_manager, 'rotate_key', side_effect=[True, False]):
>               result = await key_rotation_manager.rotate_all_keys()
E               AttributeError: 'KeyRotationManager' object has no attribute 'rotate_all_keys'

projects/Samokoder/tests/test_integration_security.py:255: AttributeError
__________ TestKeyRotationManagerIntegration.test_get_rotation_status __________

self = <tests.test_integration_security.TestKeyRotationManagerIntegration object at 0x7a57f30fd880>
key_rotation_manager = <backend.security.key_rotation.KeyRotationManager object at 0x7a57f286c200>

    @pytest.mark.asyncio
    async def test_get_rotation_status(self, key_rotation_manager):
        """Test rotation status retrieval"""
        from datetime import datetime, timedelta
    
        # Mock rotation history
        rotation_history = {
            "key1": datetime.now() - timedelta(days=30),
            "key2": datetime.now() - timedelta(days=100)
        }
    
        with patch.object(key_rotation_manager, 'rotation_history', rotation_history):
            status = await key_rotation_manager.get_rotation_status()
    
>           assert "key1" in status
E           AssertionError: assert 'key1' in {'anthropic_api_key': {'days_until_rotation': None, 'last_rotation': None, 'needs_rotation': True, 'next_rotation': None, ...}, 'api_encryption_key': {'days_until_rotation': None, 'last_rotation': None, 'needs_rotation': True, 'next_rotation': None, ...}, 'csrf_secret': {'days_until_rotation': None, 'last_rotation': None, 'needs_rotation': True, 'next_rotation': None, ...}, 'groq_api_key': {'days_until_rotation': None, 'last_rotation': None, 'needs_rotation': True, 'next_rotation': None, ...}, ...}

projects/Samokoder/tests/test_integration_security.py:273: AssertionError
_______ TestKeyRotationManagerIntegration.test_schedule_rotation_success _______

self = <tests.test_integration_security.TestKeyRotationManagerIntegration object at 0x7a57f30fd190>
key_rotation_manager = <backend.security.key_rotation.KeyRotationManager object at 0x7a57f286c740>

    @pytest.mark.asyncio
    async def test_schedule_rotation_success(self, key_rotation_manager):
        """Test successful rotation scheduling"""
>       with patch.object(key_rotation_manager, 'rotate_all_keys', return_value={"key1": True}):

projects/Samokoder/tests/test_integration_security.py:283: 
_ _ _ _ _ _ _ _ _ _ _ _ _ _ _ _ _ _ _ _ _ _ _ _ _ _ _ _ _ _ _ _ _ _ _ _ _ _ _ _ 
/usr/lib/python3.12/unittest/mock.py:1458: in __enter__
    original, local = self.get_original()
_ _ _ _ _ _ _ _ _ _ _ _ _ _ _ _ _ _ _ _ _ _ _ _ _ _ _ _ _ _ _ _ _ _ _ _ _ _ _ _ 

self = <unittest.mock._patch object at 0x7a57f286e8a0>

    def get_original(self):
        target = self.getter()
        name = self.attribute
    
        original = DEFAULT
        local = False
    
        try:
            original = target.__dict__[name]
        except (AttributeError, KeyError):
            original = getattr(target, name, DEFAULT)
        else:
            local = True
    
        if name in _builtins and isinstance(target, ModuleType):
            self.create = True
    
        if not self.create and original is DEFAULT:
>           raise AttributeError(
                "%s does not have the attribute %r" % (target, name)
            )
E           AttributeError: <backend.security.key_rotation.KeyRotationManager object at 0x7a57f286c740> does not have the attribute 'rotate_all_keys'

/usr/lib/python3.12/unittest/mock.py:1431: AttributeError
_______ TestKeyRotationManagerIntegration.test_schedule_rotation_failure _______

[...]
        """V5.1.1 - Тест обнаружения SQL injection"""
        # SQL injection попытки
        sql_attacks = [
            "'; DROP TABLE users; --",
            "1' UNION SELECT * FROM users --",
            "admin' OR '1'='1",
            "'; INSERT INTO users VALUES ('hacker', 'password'); --"
        ]
    
        for attack in sql_attacks:
>           assert security_fixes.detect_sql_injection(attack) is True
E           assert False is True
E            +  where False = <bound method MinimalSecurityFixes.detect_sql_injection of <security_patches.minimal_critical_fixes.MinimalSecurityFixes object at 0x7a57f2a89fd0>>("admin' OR '1'='1")
E            +    where <bound method MinimalSecurityFixes.detect_sql_injection of <security_patches.minimal_critical_fixes.MinimalSecurityFixes object at 0x7a57f2a89fd0>> = <security_patches.minimal_critical_fixes.MinimalSecurityFixes object at 0x7a57f2a89fd0>.detect_sql_injection

projects/Samokoder/tests/test_security_critical_fixes.py:149: AssertionError
___________ TestSecurityMiddleware.test_middleware_with_test_client ____________

self = <tests.test_security_critical_fixes.TestSecurityMiddleware object at 0x7a57f2a8b830>

    def test_middleware_with_test_client(self):
        """Тест middleware с тестовым клиентом"""
        app = FastAPI()
        app.add_middleware(SecurityMiddleware)
    
        @app.get("/test")
        async def test_endpoint():
            return {"message": "success"}
    
        client = TestClient(app)
    
        # Нормальный запрос
        response = client.get("/test")
        assert response.status_code == 200
    
        # Тест с заблокированным IP
        security_fixes.block_ip("127.0.0.1", "Test")
        response = client.get("/test")
>       assert response.status_code == 403
E       assert 200 == 403
E        +  where 200 = <Response [200 OK]>.status_code

projects/Samokoder/tests/test_security_critical_fixes.py:281: AssertionError
------------------------------ Captured log call -------------------------------
CRITICAL security_patches.minimal_critical_fixes:minimal_critical_fixes.py:191 IP 127.0.0.1 blocked: Test
__________ TestPerformanceSecurity.test_password_hashing_performance ___________

self = <tests.test_security_critical_fixes.TestPerformanceSecurity object at 0x7a57f2a8bb30>

    def test_password_hashing_performance(self):
        """Тест производительности хеширования паролей"""
        password = "TestPassword123!"
    
        start_time = time.time()
        for _ in range(100):
            security_fixes.hash_password(password)
        end_time = time.time()
    
        # Хеширование 100 паролей не должно занимать больше 5 секунд
>       assert (end_time - start_time) < 5.0
E       assert (1757533249.754267 - 1757533244.737391) < 5.0

projects/Samokoder/tests/test_security_critical_fixes.py:322: AssertionError
=============================== warnings summary ===============================
projects/Samokoder/venv/lib/python3.12/site-packages/pydantic/_internal/_config.py:323
  /root/projects/Samokoder/venv/lib/python3.12/site-packages/pydantic/_internal/_config.py:323: PydanticDeprecatedSince20: Support for class-based `config` is deprecated, use ConfigDict instead. Deprecated in Pydantic V2.0 to be removed in V3.0. See Pydantic V2 Migration Guide at https://errors.pydantic.dev/2.11/migration/
    warnings.warn(DEPRECATION_MESSAGE, DeprecationWarning)

projects/Samokoder/backend/models/requests.py:41
  /root/projects/Samokoder/backend/models/requests.py:41: PydanticDeprecatedSince20: Pydantic V1 style `@validator` validators are deprecated. You should migrate to Pydantic V2 style `@field_validator` validators, see the migration guide for more details. Deprecated in Pydantic V2.0 to be removed in V3.0. See Pydantic V2 Migration Guide at https://errors.pydantic.dev/2.11/migration/
    @validator('password')

projects/Samokoder/backend/models/requests.py:57
  /root/projects/Samokoder/backend/models/requests.py:57: PydanticDeprecatedSince20: Pydantic V1 style `@validator` validators are deprecated. You should migrate to Pydantic V2 style `@field_validator` validators, see the migration guide for more details. Deprecated in Pydantic V2.0 to be removed in V3.0. See Pydantic V2 Migration Guide at https://errors.pydantic.dev/2.11/migration/
    @validator('password')

projects/Samokoder/backend/models/requests.py:76
  /root/projects/Samokoder/backend/models/requests.py:76: PydanticDeprecatedSince20: Pydantic V1 style `@validator` validators are deprecated. You should migrate to Pydantic V2 style `@field_validator` validators, see the migration guide for more details. Deprecated in Pydantic V2.0 to be removed in V3.0. See Pydantic V2 Migration Guide at https://errors.pydantic.dev/2.11/migration/
    @validator('name')

projects/Samokoder/backend/models/requests.py:82
  /root/projects/Samokoder/backend/models/requests.py:82: PydanticDeprecatedSince20: Pydantic V1 style `@validator` validators are deprecated. You should migrate to Pydantic V2 style `@field_validator` validators, see the migration guide for more details. Deprecated in Pydantic V2.0 to be removed in V3.0. See Pydantic V2 Migration Guide at https://errors.pydantic.dev/2.11/migration/
    @validator('description')

projects/Samokoder/backend/models/requests.py:114
  /root/projects/Samokoder/backend/models/requests.py:114: PydanticDeprecatedSince20: Pydantic V1 style `@validator` validators are deprecated. You should migrate to Pydantic V2 style `@field_validator` validators, see the migration guide for more details. Deprecated in Pydantic V2.0 to be removed in V3.0. See Pydantic V2 Migration Guide at https://errors.pydantic.dev/2.11/migration/
    @validator('message')

projects/Samokoder/backend/models/requests.py:134
  /root/projects/Samokoder/backend/models/requests.py:134: PydanticDeprecatedSince20: Pydantic V1 style `@validator` validators are deprecated. You should migrate to Pydantic V2 style `@field_validator` validators, see the migration guide for more details. Deprecated in Pydantic V2.0 to be removed in V3.0. See Pydantic V2 Migration Guide at https://errors.pydantic.dev/2.11/migration/
    @validator('key_name')

projects/Samokoder/backend/models/requests.py:140
  /root/projects/Samokoder/backend/models/requests.py:140: PydanticDeprecatedSince20: Pydantic V1 style `@validator` validators are deprecated. You should migrate to Pydantic V2 style `@field_validator` validators, see the migration guide for more details. Deprecated in Pydantic V2.0 to be removed in V3.0. See Pydantic V2 Migration Guide at https://errors.pydantic.dev/2.11/migration/
    @validator('api_key')

projects/Samokoder/backend/models/requests.py:175
  /root/projects/Samokoder/backend/models/requests.py:175: PydanticDeprecatedSince20: Pydantic V1 style `@validator` validators are deprecated. You should migrate to Pydantic V2 style `@field_validator` validators, see the migration guide for more details. Deprecated in Pydantic V2.0 to be removed in V3.0. See Pydantic V2 Migration Guide at https://errors.pydantic.dev/2.11/migration/
    @validator('filename')

projects/Samokoder/backend/models/requests.py:186
  /root/projects/Samokoder/backend/models/requests.py:186: PydanticDeprecatedSince20: Pydantic V1 style `@validator` validators are deprecated. You should migrate to Pydantic V2 style `@field_validator` validators, see the migration guide for more details. Deprecated in Pydantic V2.0 to be removed in V3.0. See Pydantic V2 Migration Guide at https://errors.pydantic.dev/2.11/migration/
    @validator('file_path')

projects/Samokoder/backend/models/requests.py:209
  /root/projects/Samokoder/backend/models/requests.py:209: PydanticDeprecatedSince20: Pydantic V1 style `@validator` validators are deprecated. You should migrate to Pydantic V2 style `@field_validator` validators, see the migration guide for more details. Deprecated in Pydantic V2.0 to be removed in V3.0. See Pydantic V2 Migration Guide at https://errors.pydantic.dev/2.11/migration/
    @validator('query')

projects/Samokoder/backend/models/requests.py:221
  /root/projects/Samokoder/backend/models/requests.py:221: PydanticDeprecatedSince20: Pydantic V1 style `@validator` validators are deprecated. You should migrate to Pydantic V2 style `@field_validator` validators, see the migration guide for more details. Deprecated in Pydantic V2.0 to be removed in V3.0. See Pydantic V2 Migration Guide at https://errors.pydantic.dev/2.11/migration/
    @validator('keys')

projects/Samokoder/venv/lib/python3.12/site-packages/httpx/_client.py:690
projects/Samokoder/venv/lib/python3.12/site-packages/httpx/_client.py:690
projects/Samokoder/venv/lib/python3.12/site-packages/httpx/_client.py:690
tests/test_security_critical_fixes.py::TestSecurityMiddleware::test_middleware_with_test_client
  /root/projects/Samokoder/venv/lib/python3.12/site-packages/httpx/_client.py:690: DeprecationWarning: The 'app' shortcut is now deprecated. Use the explicit style 'transport=WSGITransport(app=...)' instead.
    warnings.warn(message, DeprecationWarning)

projects/Samokoder/tests/test_execution_report.py:16
  /root/projects/Samokoder/tests/test_execution_report.py:16: PytestCollectionWarning: cannot collect test class 'TestExecutionReporter' because it has a __init__ constructor (from: tests/test_execution_report.py)
    class TestExecutionReporter:

projects/Samokoder/tests/test_integration_di_container.py:10
  /root/projects/Samokoder/tests/test_integration_di_container.py:10: PytestCollectionWarning: cannot collect test class 'TestAIService' because it has a __init__ constructor (from: tests/test_integration_di_container.py)
    class TestAIService:

tests/test_rate_limiter.py::TestRedisRateLimiter::test_redis_rate_limit_success
tests/test_rate_limiter.py::TestRedisRateLimiter::test_redis_rate_limit_exceeded
tests/test_rate_limiter.py::TestRedisRateLimiter::test_redis_connection_error_fallback
  /root/projects/Samokoder/backend/services/rate_limiter.py:83: RuntimeWarning: coroutine 'AsyncMockMixin._execute_mock_call' was never awaited
    return await self._check_redis_rate_limit(
  Enable tracemalloc to get traceback where the object was allocated.
  See https://docs.pytest.org/en/stable/how-to/capture-warnings.html#resource-warnings for more info.

tests/test_security_asvs_v7_errors_logging.py: 10124 warnings
  /root/projects/Samokoder/security_patches/asvs_v7_errors_logging_p0_fixes.py:51: DeprecationWarning: datetime.datetime.utcnow() is deprecated and scheduled for removal in a future version. Use timezone-aware objects to represent datetimes in UTC: datetime.datetime.now(datetime.UTC).
    "timestamp": datetime.utcnow().isoformat(),

tests/test_security_asvs_v7_errors_logging.py::TestErrorHandlingSecurity::test_safe_error_response_creation
tests/test_security_asvs_v7_errors_logging.py::TestErrorHandlingSecurity::test_comprehensive_error_handling_flow
  /root/projects/Samokoder/security_patches/asvs_v7_errors_logging_p0_fixes.py:159: DeprecationWarning: datetime.datetime.utcnow() is deprecated and scheduled for removal in a future version. Use timezone-aware objects to represent datetimes in UTC: datetime.datetime.now(datetime.UTC).
    "timestamp": datetime.utcnow().isoformat(),

-- Docs: https://docs.pytest.org/en/stable/how-to/capture-warnings.html
=========================== short test summary info ============================
FAILED projects/Samokoder/tests/test_encryption.py::TestAPIKeyEncryption::test_encrypt_empty_key
FAILED projects/Samokoder/tests/test_integration_circuit_breaker.py::TestCircuitBreakerIntegration::test_circuit_breaker_state_transitions
FAILED projects/Samokoder/tests/test_integration_circuit_breaker.py::TestCircuitBreakerIntegration::test_circuit_breaker_metrics
FAILED projects/Samokoder/tests/test_integration_circuit_breaker.py::TestCircuitBreakerIntegration::test_circuit_breaker_custom_exceptions
FAILED projects/Samokoder/tests/test_integration_migration_manager.py::TestMigrationManagerIntegration::test_migration_manager_initialization_with_settings
FAILED projects/Samokoder/tests/test_integration_migration_manager.py::TestMigrationManagerIntegration::test_migration_upgrade_success
FAILED projects/Samokoder/tests/test_integration_migration_manager.py::TestMigrationManagerIntegration::test_migration_upgrade_failure
FAILED projects/Samokoder/tests/test_integration_migration_manager.py::TestMigrationManagerIntegration::test_migration_downgrade_success
FAILED projects/Samokoder/tests/test_integration_migration_manager.py::TestMigrationManagerIntegration::test_migration_downgrade_failure
FAILED projects/Samokoder/tests/test_integration_migration_manager.py::TestMigrationManagerIntegration::test_current_revision_success
FAILED projects/Samokoder/tests/test_integration_migration_manager.py::TestMigrationManagerIntegration::test_current_revision_failure
FAILED projects/Samokoder/tests/test_integration_migration_manager.py::TestMigrationManagerIntegration::test_create_migration_success
FAILED projects/Samokoder/tests/test_integration_migration_manager.py::TestMigrationManagerIntegration::test_create_migration_failure
FAILED projects/Samokoder/tests/test_integration_migration_manager.py::TestMigrationManagerIntegration::test_migration_history_success
FAILED projects/Samokoder/tests/test_integration_migration_manager.py::TestMigrationManagerIntegration::test_migration_history_failure
FAILED projects/Samokoder/tests/test_integration_migration_manager.py::TestMigrationManagerIntegration::test_migration_status_check
FAILED projects/Samokoder/tests/test_integration_migration_manager.py::TestMigrationManagerIntegration::test_migration_environment_variables
FAILED projects/Samokoder/tests/test_integration_repositories.py::TestProjectRepositoryIntegration::test_search_projects_success
FAILED projects/Samokoder/tests/test_integration_security.py::TestSecretsManagerIntegration::test_environment_provider_success
FAILED projects/Samokoder/tests/test_integration_security.py::TestKeyRotationManagerIntegration::test_check_rotation_needed_expired
FAILED projects/Samokoder/tests/test_integration_security.py::TestKeyRotationManagerIntegration::test_rotate_key_success
FAILED projects/Samokoder/tests/test_integration_security.py::TestKeyRotationManagerIntegration::test_rotate_key_failure
FAILED projects/Samokoder/tests/test_integration_security.py::TestKeyRotationManagerIntegration::test_rotate_all_keys_success
FAILED projects/Samokoder/tests/test_integration_security.py::TestKeyRotationManagerIntegration::test_rotate_all_keys_partial_failure
FAILED projects/Samokoder/tests/test_integration_security.py::TestKeyRotationManagerIntegration::test_get_rotation_status
FAILED projects/Samokoder/tests/test_integration_security.py::TestKeyRotationManagerIntegration::test_schedule_rotation_success
FAILED projects/Samokoder/tests/test_integration_security.py::TestKeyRotationManagerIntegration::test_schedule_rotation_failure
FAILED projects/Samokoder/tests/test_models.py::TestChatRequest::test_empty_message
FAILED projects/Samokoder/tests/test_models.py::TestChatRequest::test_invalid_temperature
FAILED projects/Samokoder/tests/test_models.py::TestChatRequest::test_negative_temperature
FAILED projects/Samokoder/tests/test_models.py::TestUserSettingsUpdateRequest::test_invalid_theme
FAILED projects/Samokoder/tests/test_rate_limiter.py::TestRateLimiter::test_different_users_separate_limits
FAILED projects/Samokoder/tests/test_rate_limiter.py::TestRateLimiter::test_different_endpoints_separate_limits
FAILED projects/Samokoder/tests/test_rate_limiter.py::TestRateLimiter::test_reset_rate_limit
FAILED projects/Samokoder/tests/test_rate_limiter.py::TestRateLimiter::test_get_rate_limit_info
FAILED projects/Samokoder/tests/test_rate_limiter.py::TestRateLimiter::test_cleanup_expired_entries
FAILED projects/Samokoder/tests/test_rate_limiter.py::TestRedisRateLimiter::test_redis_rate_limit_success
FAILED projects/Samokoder/tests/test_rate_limiter.py::TestRedisRateLimiter::test_redis_rate_limit_exceeded
FAILED projects/Samokoder/tests/test_security_asvs_v10_configuration.py::TestConfigurationSecurity::test_environment_security_issues
FAILED projects/Samokoder/tests/test_security_asvs_v10_configuration.py::TestConfigurationSecurity::test_config_backup
FAILED projects/Samokoder/tests/test_security_asvs_v10_configuration.py::TestConfigurationSecurity::test_comprehensive_configuration_flow
FAILED projects/Samokoder/tests/test_security_asvs_v12_api_security.py::TestAPISecurity::test_api_response_sanitization
FAILED projects/Samokoder/tests/test_security_asvs_v12_api_security.py::TestAPISecurity::test_cors_origin_validation
FAILED projects/Samokoder/tests/test_security_asvs_v12_api_security.py::TestAPISecurity::test_sql_injection_detection
FAILED projects/Samokoder/tests/test_security_asvs_v2_auth.py::TestAuthenticationSecurity::test_session_token_validation
FAILED projects/Samokoder/tests/test_security_asvs_v3_sessions.py::TestSessionSecurity::test_concurrent_session_operations
FAILED projects/Samokoder/tests/test_security_asvs_v4_access_control.py::TestAccessControlSecurity::test_resource_id_sanitization
FAILED projects/Samokoder/tests/test_security_asvs_v4_access_control.py::TestAccessControlSecurity::test_principle_of_least_privilege
FAILED projects/Samokoder/tests/test_security_asvs_v4_access_control.py::TestAccessControlSecurity::test_access_attempt_audit
FAILED projects/Samokoder/tests/test_security_asvs_v4_access_control.py::TestAccessControlSecurity::test_comprehensive_access_control_flow
FAILED projects/Samokoder/tests/test_security_asvs_v5_validation.py::TestValidationSecurity::test_html_input_sanitization
FAILED projects/Samokoder/tests/test_security_asvs_v5_validation.py::TestValidationSecurity::test_email_format_validation
FAILED projects/Samokoder/tests/test_security_asvs_v5_validation.py::TestValidationSecurity::test_url_format_validation
FAILED projects/Samokoder/tests/test_security_asvs_v5_validation.py::TestValidationSecurity::test_sql_input_sanitization
FAILED projects/Samokoder/tests/test_security_asvs_v5_validation.py::TestValidationSecurity::test_html_output_encoding
FAILED projects/Samokoder/tests/test_security_asvs_v5_validation.py::TestValidationSecurity::test_url_output_encoding
FAILED projects/Samokoder/tests/test_security_asvs_v5_validation.py::TestValidationSecurity::test_comprehensive_validation_flow
FAILED projects/Samokoder/tests/test_security_asvs_v5_validation.py::TestValidationSecurity::test_edge_cases
FAILED projects/Samokoder/tests/test_security_asvs_v7_errors_logging.py::TestErrorHandlingSecurity::test_anomalous_activity_detection
FAILED projects/Samokoder/tests/test_security_critical_fixes.py::TestAuthenticationSecurity::test_mfa_code_verification
FAILED projects/Samokoder/tests/test_security_critical_fixes.py::TestAuthenticationSecurity::test_password_verification
FAILED projects/Samokoder/tests/test_security_critical_fixes.py::TestInputValidation::test_input_validation
FAILED projects/Samokoder/tests/test_security_critical_fixes.py::TestInputValidation::test_sql_injection_detection
FAILED projects/Samokoder/tests/test_security_critical_fixes.py::TestSecurityMiddleware::test_middleware_with_test_client
FAILED projects/Samokoder/tests/test_security_critical_fixes.py::TestPerformanceSecurity::test_password_hashing_performance
ERROR projects/Samokoder/tests/test_integration_security.py::TestSecretsManagerIntegration::test_secrets_manager_with_environment_provider
ERROR projects/Samokoder/tests/test_integration_security.py::TestSecretsManagerIntegration::test_secrets_manager_caching
ERROR projects/Samokoder/tests/test_integration_security.py::TestSecretsManagerIntegration::test_secrets_manager_fallback
ERROR projects/Samokoder/tests/test_integration_security.py::TestSecretsManagerIntegration::test_secrets_manager_audit_logging
=== 65 failed, 223 passed, 98 deselected, 10147 warnings, 4 errors in 14.05s ===
